đang định add fb xem có trong hội đồng hương NĐ k
[4/7/2015 4:07:44 PM] Thuan-NV FPT: suggest video cái link của thực (puke)
[4/7/2015 4:08:03 PM] Loi TranDuc: random thì được thôi
[4/7/2015 4:08:16 PM] Loi TranDuc: giờ phải là random theo ý thích chứ
[4/7/2015 4:08:18 PM] Loi TranDuc: :D
[4/7/2015 4:08:53 PM] Thuan-NV FPT: random theo kiểu, biến nữa ạ :(
[4/7/2015 4:09:14 PM] Loi TranDuc: random để sao cho chỉ vào 1 vài người thôi đấy anh
[4/7/2015 4:09:15 PM] Loi TranDuc: :D
[4/7/2015 4:09:37 PM] Loi TranDuc: mấy cái project trò chơi may mắn chả vậy
[4/7/2015 4:14:20 PM] Thuc To: a Công đang làm việc chăm chỉ ghê
[4/7/2015 4:15:11 PM] Thuan-NV FPT: Công bị cắt mạng rồi Thực
[4/7/2015 4:15:49 PM] Thuan-NV FPT: Vì down > up :D
[4/7/2015 4:20:46 PM] Thuc To: lại chưa đóng tiền mạng đây mà  :x
[4/7/2015 4:20:54 PM] Thuc To: Công bị cắt mạng rồi Thực
[4/7/2015 4:21:41 PM] Thuan-NV FPT: ở cty port mạng cho monitor mới cắt được a Công thôi
[4/7/2015 4:21:58 PM] Thuan-NV FPT: mày nghĩ mấy gói ADSL , FTTH home ở nhà mà đủ với anh ấy ah
[4/7/2015 4:22:32 PM] Thuc To: anh Thuận "hư cấu" hay thật thế
[4/7/2015 4:22:49 PM] Thuc To: (smoking)
[4/7/2015 4:23:42 PM] Thuan-NV FPT: Câu "hư cấu" hay đọc haivl ,bị thất lạc, mới đây hay xuất hiện ở cmt FB, giờ thực đang giữ ah
[4/7/2015 4:23:43 PM] Thuan-NV FPT: :D
[4/7/2015 4:24:18 PM] Thuan-NV FPT: http://prntscr.com/6qn40m
[4/7/2015 4:26:21 PM] Thuan-NV FPT: mình học lightshot của thày Công nhanh phết
[4/7/2015 4:26:34 PM] Thuan-NV FPT: (chuckle)
[4/7/2015 4:27:26 PM] Thuc To: thật vậy à
[4/7/2015 4:27:27 PM] Thuc To: http://prntscr.com/6qn4y3
[4/7/2015 4:27:31 PM] CongTo: = ))
[4/7/2015 4:27:34 PM] CongTo: voãi thế
[4/7/2015 4:27:56 PM] CongTo: https://www.facebook.com/photo.php?fbid=1608080966099711&set=a.1397975370443606.1073741829.100006934690633&type=1&theater
[4/7/2015 4:28:25 PM] Thuc To: nay giờ a Thuận nhắc anh Cong mãi
[4/7/2015 4:28:26 PM] Thuc To: http://prntscr.com/6qn593
[4/7/2015 4:28:53 PM] Thuc To: This content is currently unavailable này là gì thế a Công ơi
[4/7/2015 4:29:48 PM] Thuan-NV FPT: Bên cạnh hòm công đức là cái kiếm :(
[4/7/2015 4:30:28 PM] Thuan-NV FPT: Kiếm dùng cắt tiết chym sẻ, lấy tiết đánh tiết canh :(
[4/7/2015 4:30:50 PM] Thuan-NV FPT: iem lượn đây
[4/7/2015 4:30:51 PM] Phạm Đăng Hảo Pythonvn: A dug random.choice(list)
[4/7/2015 4:31:41 PM] Thuc To: lại có tiên sinh đào mộ lạc từ phương nào tới đây :D
[4/7/2015 4:31:58 PM] Phạm Đăng Hảo Pythonvn: mạng bị delay anh ak :D
[4/7/2015 4:32:26 PM] Thuc To: ờm , chịu khó kéo xuống dưới tý đê
[4/7/2015 4:32:56 PM] Phạm Đăng Hảo Pythonvn: E gửi từ lâu rồi mà giờ nó mới lên :D
[4/7/2015 4:33:05 PM] Thuc To: http://i.imgur.com/5wLEYLO.jpg
[4/7/2015 4:33:06 PM] CongTo: http://prntscr.com/6qn6oo
[4/7/2015 4:33:14 PM] CongTo: @ThucTo :v
[4/7/2015 4:33:15 PM] CongTo: http://prntscr.com/6qn6oo
[4/7/2015 4:33:47 PM] Thuc To: ối dời ơi .................... HÀNG``````` LÓNGGGGGGGG
[4/7/2015 4:35:20 PM] Thuc To: add phờ rên  facebook em nhé :D a Công ơi
[4/7/2015 4:37:30 PM] Thuc To: chút về có bác nào Trà đá ko vại ,
[4/7/2015 4:37:35 PM] Thuc To: em mời :)
[4/7/2015 4:37:41 PM] CongTo: may ad fb cua nah dung comment gai gu gi nhe
[4/7/2015 4:38:33 PM | Edited 4:38:38 PM] Thuc To: em  "  TỒ " trên cái thế giới nhiều cộng đồng mạng lắm haha
[4/7/2015 4:39:22 PM] Thuc To: http://i.imgur.com/5wLEYLO.jpg
[4/7/2015 4:44:08 PM] Thuc To: :D
[4/7/2015 4:44:14 PM] Thuc To: anh Công em hỏi chút
[4/7/2015 4:44:43 PM] Thuc To: "hòm ủng hộ ng nghèo vượt khó kia là thật là là trong "" nháy nháy thế
[4/7/2015 4:45:12 PM] Thuc To: @: Hà NG: chưa có kết quả nha :)
[4/7/2015 4:52:33 PM] CongTo: = ))
[4/7/2015 4:53:43 PM] Ha Nguyen: @Thực: mấy tuần mới có kết quả?
[4/7/2015 4:55:18 PM] Thuc To: 3 tuần nữa nhé Hà :D
[4/7/2015 4:55:54 PM] Ha Nguyen: =))
[4/7/2015 4:58:49 PM | Edited 4:59:18 PM] Thuc To: bác nào có cái ổ ssd  it s dùng gắn đc laptop bán em nha 
[4/7/2015 5:00:54 PM] Thuc To: ổ cứng ssd của laptop em đang dùng , đợt này chả heiẻu sao bật máy tính lên + bật thêm con vmware , sờ xuống dưới máy nóng quá, máy đơ đơ ,khả năng là em nó sắp hỏng rồi :( ,
[4/7/2015 5:04:00 PM] Thuan-NV FPT: dùng ổ SSD lâu chưa Thực
[4/7/2015 5:04:12 PM] Thuan-NV FPT: ổ SSD như nam châm vĩnh cửu
[4/7/2015 5:04:16 PM] Thuan-NV FPT: đéo bao giờ hỏng
[4/7/2015 5:04:27 PM] Thuan-NV FPT: có laptop chú sắp hỏng rồi
[4/7/2015 5:04:47 PM] Thuc To: [Tuesday, April 07, 2015 5:04 PM] Thuan-NV FPT: 

<<< ổ SSD như nam châm vĩnh cửu
[4/7/2015 5:05:28 PM] Đinh Mạnh Hùng FPT: mịa dùng SAN toàn SSD có ngày chẳng ăn độc đắc
[4/7/2015 5:05:30 PM] Đinh Mạnh Hùng FPT: :D
[4/7/2015 5:05:44 PM] Thuc To: http://img.prntscr.com/img?url=http://i.imgur.com/tatDm85.jpg
[4/7/2015 5:05:46 PM] Thuan-NV FPT: Bán laptop đi Thực
[4/7/2015 5:05:47 PM] Thuan-NV FPT: :D
[4/7/2015 5:05:53 PM] Thuc To: nhà ko có đièu kiện a Thuận
[4/7/2015 5:05:54 PM] Thuc To: http://img.prntscr.com/img?url=http://i.imgur.com/tatDm85.jpg
[4/7/2015 5:06:04 PM] Thuc To: em mua máy rác nhập từ nước ngoài về
[4/7/2015 5:06:44 PM] Thuc To: mới mua em nó dc đâu 4  -5 tháng , mới hết bảo hành
[4/7/2015 5:06:54 PM] Thuc To: :(
[4/8/2015 3:41:19 PM] Thuan-NV FPT: quên hết những gì đã học rồi :(
[4/8/2015 3:41:38 PM] Thuan-NV FPT: đầu óc chán vãi
[4/8/2015 4:41:30 PM] Loi TranDuc: :D
[4/8/2015 4:42:02 PM] Loi TranDuc: có cần tổng kết giữa kỳ không anh Thuận
[4/8/2015 4:43:46 PM] Thuan-NV FPT: Học bài trước quên bài sau :D
thôi a xin kiếu mấy thằng trong sáng
[3/30/2015 3:48:33 PM] Khanh Nguyen Ngoc EPAY: yếu sinh lý thì có:D
[3/30/2015 3:48:35 PM] Khanh Nguyen Ngoc EPAY: =))
[3/30/2015 3:48:55 PM] Thuc To: (yawn) linh tinh vãi
[3/30/2015 3:49:03 PM] Thuc To: (smoking)
[3/30/2015 3:49:34 PM] Loi TranDuc: ờ, trong sáng giờ là tốt đấy em
[3/30/2015 3:49:42 PM] Loi TranDuc: :D
[3/30/2015 3:50:22 PM] Loi TranDuc: đỡ phải uống canxi
[3/30/2015 3:51:35 PM] Thuc To: [Monday, March 30, 2015 3:50 PM] Loi TranDuc: 

<<< đỡ phải uống canxiăn nhiều trứng vịt lộn vs rau răm vào anh ơi
[3/30/2015 3:51:46 PM] Thuc To: :D thấy trên báo nó viết vại đó :D
[3/30/2015 3:52:37 PM | Edited 3:52:42 PM] Thuan-NV: yêu Trong sáng nhưng mà phang trong tối
[3/30/2015 3:52:56 PM] Thuan-NV: chú kiểm tra đầu ti nó có to và thâm ko? hộ anh cái
[3/30/2015 3:53:18 PM] Thuc To: (wave) a Thuận
[3/30/2015 3:53:34 PM] Thuan-NV: kiểm tra đi rồi anh tư vấn cho mày lấy đc con vợ ngon
[3/30/2015 3:53:35 PM] Thuan-NV: :D
[3/30/2015 3:54:05 PM] Khanh Nguyen Ngoc EPAY: e sặc nước
[3/30/2015 3:54:10 PM] Khanh Nguyen Ngoc EPAY: a Thuận ới
[3/30/2015 3:54:28 PM] Thuc To: anh Thuận xưa cso nói em
[3/30/2015 3:54:38 PM] Thuc To: mod thiên địa u ớt 2 năm cơ mà
[3/30/2015 3:55:19 PM] Thuc To: Mr.checker là name id hay sao ý :D
[3/30/2015 4:00:14 PM | Edited 4:00:36 PM] Thuc To: close--------------------------------------------------------------------
[3/30/2015 4:00:17 PM] Thuc To: http://insight-labs.org/?p=1682
[3/30/2015 4:58:36 PM] Loi TranDuc: hết chuyện ăn hỏi/ra mắt của Thực là anh em lại trầm ngâm hẳn
[3/30/2015 4:58:57 PM] Đinh Mạnh Hùng FPT: sắp hết giờ rồi
[3/30/2015 4:59:03 PM] Loi TranDuc: có lẽ subject nên là truyện này nhỉ
[3/30/2015 10:43:31 PM] Ha Nguyen: http://nhipsongso.tuoitre.vn/tin/20150330/github-bi-tan-cong-nghi-tin-tac-trung-quoc/727223.html
[4/3/2015 5:47:19 PM] Thuc To: https://scontent-sin.xx.fbcdn.net/hphotos-xap1/v/t1.0-9/10403637_1097287356953565_1781287579739677227_n.jpg?oh=a772be8978d65166de5dffb8a5e95a39&oe=559E81E7
[4/3/2015 5:47:26 PM] Thuc To: em show hàng cái nha
[4/3/2015 5:47:45 PM] Thuc To: chữ ký Hlv Miura đội tuyển U23 VN đấy ( hàng xịn ) :D
[4/3/2015 6:47:55 PM] CongTo: cho anh đi
[4/3/2015 11:29:07 PM] Thuan-NV EPAY: Show show cl (cool)
[4/3/2015 11:29:20 PM] CongTo: haha
[4/3/2015 11:29:25 PM] CongTo: nay bo hoc nhe bac Thuan
[4/3/2015 11:31:17 PM] Thuan-NV EPAY: Thằng nào mò lên tìm film có đc gọi là chịu khó tìm hiểu k Công?
[4/3/2015 11:33:32 PM] CongTo: chac la co
[4/3/2015 11:33:39 PM] CongTo: gio hoc nhieu cai chu dau phai 1 cai =))
[4/3/2015 11:34:36 PM] Thuan-NV EPAY: Chú có cung cấp a ít film tài liệu với
[4/3/2015 11:35:24 PM] CongTo: lau lam roi em ko xin
[4/3/2015 11:35:26 PM] CongTo: xem
[4/3/2015 11:35:32 PM] CongTo: toan xem loai nao tua nhanh duoc
[4/3/2015 11:35:57 PM] Thuan-NV EPAY: |-(
[4/3/2015 11:36:38 PM] CongTo: =))
[4/3/2015 11:48:01 PM] CongTo: Anh Thuận có gmail ko
[4/3/2015 11:48:18 PM] CongTo: em xin để send invite trên cloud của bọn digitalocean phát
[4/7/2015 9:38:22 AM] Thuan-NV EPAY: Ai có video full ko che buổi hôm trước ko share cho em với ạ
[4/7/2015 9:45:53 AM] Loi TranDuc: chưa có đâu a Thuận ah
[4/7/2015 9:45:56 AM] Loi TranDuc: :)
[4/7/2015 9:46:30 AM] Loi TranDuc: đọc slide có gì không hiểu thì hỏi mn thôi anh
[4/7/2015 9:46:50 AM] Khanh Nguyen Ngoc EPAY: mỗi buổi học khoảng 14Gb
[4/7/2015 9:47:00 AM] Khanh Nguyen Ngoc EPAY: up ko đc nhanh
[4/7/2015 9:47:07 AM] Khanh Nguyen Ngoc EPAY: và HDD của e hết ròi:D
[4/7/2015 9:48:26 AM] Thuan-NV FPT: :P
[4/7/2015 3:50:55 PM] Thuc To: (whew)
[4/7/2015 3:51:13 PM] Thuc To: 16 buổi học x ~14 Gb
[4/7/2015 3:51:49 PM] Khanh Nguyen Ngoc EPAY: chuẩn HD nhé
[4/7/2015 3:53:50 PM] Thuan-NV FPT: Thực nó đang khóc
[4/7/2015 3:54:02 PM] Thuan-NV FPT: Vì phải xóa quá nhiều thứ trên HDD 3Tb
[4/7/2015 3:54:04 PM] Thuan-NV FPT: :(
[4/7/2015 3:54:22 PM] Thuan-NV FPT: Toàn clip dậy mấy trò đồi bại
[4/7/2015 3:54:29 PM] Thuan-NV FPT: Đừng tiếc em ah
[4/7/2015 3:54:36 PM] Thuan-NV FPT: anh cho em acc fshare vip
[4/7/2015 3:58:59 PM | Edited 3:59:14 PM] Thuc To: :( ai chơi nỗi a.Thuận toàn mua thanh lý server về lắp nhà "pờ lây" film thôi
[4/7/2015 3:59:40 PM | Edited 4:00:31 PM] Thuc To: - giờ e hiểu vì sao anh lại sắm nhiều loa và thiết bị âm thanh rầu :(
[4/7/2015 4:01:06 PM] Thuan-NV FPT: Cái vụ về nhà gấu chú sao rồi
[4/7/2015 4:01:33 PM] Thuc To: " em cờ lâu dờ" lâu rồi :D
[4/7/2015 4:02:03 PM] Loi TranDuc: oh, cũng quên k hỏi về NĐ sao rồi em?
[4/7/2015 4:02:10 PM] Thuan-NV FPT: phí tâm huyết a/e vãi
[4/7/2015 4:02:18 PM] Thuan-NV FPT: mang ra liên hoan đi ku :(
[4/7/2015 4:02:44 PM] Thuc To: cờ lâu topic rồi đào mộ chị nữa a Thuân :x
[4/7/2015 4:03:31 PM] Thuan-NV FPT: ai đăng ký slot thì đưa vào list
[4/7/2015 4:03:40 PM] Ha Nguyen: Thực báo cáo tình hình đi cho ae mừng
[4/7/2015 4:04:00 PM] Thuan-NV FPT: chú có thể chọn max, min hay len :D
[4/7/2015 4:04:09 PM] Ha Nguyen: nhờ tư vấn mà ko báo cáo thành quả ah?
[4/7/2015 4:04:22 PM] Thuan-NV FPT: nếu python có random nữa thì tuyệt
[4/7/2015 4:04:45 PM] Thuan-NV FPT: random(list)
[4/7/2015 4:04:56 PM] Thuan-NV FPT: Thầy ơi có cái này ko
[4/7/2015 4:05:48 PM] Thuc To: https://www.youtube.com/watch?v=h3rmxSPHFN0
[4/7/2015 4:05:53 PM] Thuc To: thanh niên đào mộ quá
[4/7/2015 4:06:09 PM] Thuc To: "nghe bài đắng lòng thanh niên" chưa anh
[3/30/2015 3:25:56 PM] Thuc To: Gấu em Biên Tập Viên ( đã đi làm anh Lợi ơi )
[3/30/2015 3:26:08 PM] Khanh Nguyen Ngoc EPAY: theo anh nên mua OK
[3/30/2015 3:26:20 PM] Khanh Nguyen Ngoc EPAY: về rùi còn có đường chuồn:D
[3/30/2015 3:26:32 PM] Loi TranDuc: ờ
[3/30/2015 3:26:50 PM] Loi TranDuc: mốt bh là yêu từ hồi là HS
[3/30/2015 3:27:04 PM] Đinh Mạnh Hùng: vote "Neptune - Êm ass mát mông - Càng thông càng thích"
[3/30/2015 3:27:31 PM] Đinh Mạnh Hùng: ko chỉ gấu mà bố gấu cũng chết
[3/30/2015 3:27:34 PM] Đinh Mạnh Hùng: =))
[3/30/2015 3:27:37 PM | Edited 3:28:02 PM] Thuc To: [Monday, March 30, 2015 3:27 PM] Đinh Mạnh Hùng FPT: 

<<< vote "Neptune - Êm ass mát mông - Càng thông càng thích"Nhà cái này lúc nào cugx có anh :D ( đại lý bán lẻ,buôn mà anh yêiiiiii )
[3/30/2015 3:28:29 PM] Thuc To: -em thấy Gấu nso tư vấn mà nóng hết cả mặt
[3/30/2015 3:28:34 PM] Thuc To: -Rượu cho bố gấu
[3/30/2015 3:28:44 PM] Thuc To: -Mỹ Phẩm cho U Gấu
[3/30/2015 3:28:52 PM] Thuc To: @ các bác đừng chém em trước đã nhé
[3/30/2015 3:28:59 PM] Thuc To: -Sâm cho bà nội Gấu
[3/30/2015 3:29:11 PM] Thuc To: - quà cho 2 bé ( là cháu ) của Gấu
[3/30/2015 3:29:11 PM] Đinh Mạnh Hùng: lần đầu gặp mặt hả ?
[3/30/2015 3:29:25 PM] Thuc To: [Monday, March 30, 2015 3:29 PM] Đinh Mạnh Hùng FPT: 

<<< lần đầu gặp mặt hả ?đúng rồi anh
[3/30/2015 3:29:29 PM] Đinh Mạnh Hùng: éo ai lần đầu lại thê
[3/30/2015 3:29:51 PM] Đinh Mạnh Hùng: lần đầu đến kiểu quà chung chung thôi
[3/30/2015 3:29:56 PM] Đinh Mạnh Hùng: chứ mua quà cho cả họ nhà nó
[3/30/2015 3:29:58 PM] Đinh Mạnh Hùng: mà chết à
[3/30/2015 3:29:59 PM] Thuc To: thì em biết gì đâu =))
[3/30/2015 3:30:30 PM] Loi TranDuc: chứ mua quà cho cả họ nhà nóchỗ Thực liệt kê là chưa đủ họ anh nhé
[3/30/2015 3:30:32 PM] Loi TranDuc: :D
[3/30/2015 3:31:27 PM] Thuan-NV: A chỉ khuyên Thực mỗi 1 câu, fang gấu ở chính nhà gấu luôn cho cảm giác mạnh :D
[3/30/2015 3:32:19 PM] Thuan-NV: Có nhiều thằng đến nhà ra mắt tối ngủ lại ko fang bị bố đuổi rồi đấy
[3/30/2015 3:32:23 PM] Thuan-NV: (rofl)
[3/30/2015 3:32:28 PM] Thuan-NV: Bố cô gái hỏi chàng trai: “Anh đến nhà tôi làm gì?”.

– Anh chàng: Con muốn chứng tỏ tình yêu của con, rằng con yêu nàng “mấy sông cũng lội, mấy đèo cũng qua”.

– Bố người yêu: Vậy tối nay tao sẽ cho mày ngủ với con gái của tao, xem mày có vượt qua thử thách này không? Với điều kiện phải để cái gối chắn giữa hai đứa.

– Anh chàng: Dễ ợt… (thắng là cái chắc)

– Bố người yêu: Uh, dễ lắm con…

Tối hôm đó ông bố người yêu để cái gối chắn giữa giường ngăn cô gái và chàng trai, sáng hôm sau chẳng có chuyện gì xảy ra giữa hai người trẻ tuổi.

– Bố người yêu: Khá lắm nhưng chính vì vậy mà ta không cho mày cưới con tao.

– Anh chàng: Tại sao?

– Bố người yêu: Mày nói yêu “mấy sông cũng lội, mấy đèo cũng qua”?

– Anh chàng: Dạ vâng.

– Bố người yêu: Sao cái gối mà mày cũng không qua nổi?
[3/30/2015 3:34:04 PM] Thuc To: cảm giác mạnh ghê :D
[3/30/2015 3:35:41 PM] Thuc To: thế vòng phỏng vấn các Cụ sẻ hỏi gì các Bác nhêỷ
[3/30/2015 3:35:49 PM] Thuc To: (whew)
[3/30/2015 3:36:29 PM] Khanh Nguyen Ngoc EPAY: làm gì
[3/30/2015 3:36:29 PM] Thuan-NV: Hỏi trước khi quen con gái tao ngày mày quay tay mấy chục lần :D
[3/30/2015 3:36:30 PM] Khanh Nguyen Ngoc EPAY: ở đâu
[3/30/2015 3:36:55 PM] Thuc To: Nam Định anh K ơi
[3/30/2015 3:37:17 PM] Loi TranDuc: Nam Định huyện nào nhỉ?
[3/30/2015 3:37:18 PM] Thuc To: @ aThuận : :D
[3/30/2015 3:37:25 PM] Loi TranDuc: khéo a quen
[3/30/2015 3:37:38 PM] Loi TranDuc: :O
[3/30/2015 3:37:44 PM] Khanh Nguyen Ngoc EPAY: thằng Lợi nó check con gái cả Nam Định rùi
[3/30/2015 3:37:48 PM] Khanh Nguyen Ngoc EPAY: chú cần thận nhá
[3/30/2015 3:37:52 PM] Thuc To: anh có gần Quất lâm ko =))
[3/30/2015 3:38:47 PM] Loi TranDuc: k
[3/30/2015 3:38:53 PM] Loi TranDuc: nhà a k gần QL
[3/30/2015 3:39:07 PM] Loi TranDuc: nhưng mà biết đâu đấy
[3/30/2015 3:39:11 PM] Loi TranDuc: NĐ nhỏ mà
[3/30/2015 3:39:20 PM] Thuc To: à em nó ở Giao Thủy :D
[3/30/2015 3:39:30 PM] Thuan-NV: Phọt ảnh lên đây
[3/30/2015 3:39:31 PM] Loi TranDuc: giao thủy?
[3/30/2015 3:39:38 PM] Loi TranDuc: có gần giao tiến k?
[3/30/2015 3:39:40 PM] Thuan-NV: biết đâu mọi người gặp ở quất lâm
[3/30/2015 3:40:13 PM] Đinh Mạnh Hùng: có clip thì tốt
[3/30/2015 3:40:37 PM] Thuc To: [Monday, March 30, 2015 3:40 PM] Đinh Mạnh Hùng FPT: 

<<< có clip thì tốt:D
[3/30/2015 3:40:59 PM] Thuc To: chổ nào GT em chưa hỏi aLợi ơi
[3/30/2015 3:41:34 PM] Thuc To: Phọt ảnh lên đâyko có cái ảnh nào mới .... chứ anh
[3/30/2015 3:41:45 PM] Thuc To: em sợt ra cả anh chị em họ hàng nhà gấu trên mạng
[3/30/2015 3:41:52 PM] Thuc To: rieng ảnh Gấu thì ko có
[3/30/2015 3:42:00 PM] Thuc To: :D
[3/30/2015 3:42:08 PM] Loi TranDuc: k nói xấu quê hương cơ mà về Gt thì có khi là cũng nên mang theo trâm bạc cài đầu
[3/30/2015 3:42:33 PM] Thuc To: [Monday, March 30, 2015 3:42 PM] Loi TranDuc: 

<<< k nói xấu quê hương cơ mà về Gt thì có khi là cũng nên mang theo trâm bạc cài đầu:D
[3/30/2015 3:42:34 PM] Loi TranDuc: như lời a Hùng
[3/30/2015 3:42:59 PM] Đinh Mạnh Hùng: ko phải để thử thuốc độc
[3/30/2015 3:43:13 PM] Đinh Mạnh Hùng: chắc Lợi sợ con gái GT khỏe quá
[3/30/2015 3:43:17 PM] Đinh Mạnh Hùng: chú ngã ngựa
[3/30/2015 3:43:19 PM] Thuc To: @.a.Hùng ơi :" khu vực đó " nó MẠNH MẼ LẮM À :D
[3/30/2015 3:43:26 PM] Thuan-NV: hôm nào lớp mình học xong, Thực mang đi anh em mình liên hoan nhé (smirk)
[3/30/2015 3:43:52 PM] Đinh Mạnh Hùng: vote
[3/30/2015 3:44:09 PM] Thuc To: anh Thuận ơi, để em địa chỉ anh nhé  Trân Duy Hưng > pass Bạn anh Alex
[3/30/2015 3:44:14 PM] Thuc To: nhớ thanks tín dụng :D
[3/30/2015 3:44:50 PM] Thuan-NV: :O
[3/30/2015 3:44:51 PM] Thuc To: [Monday, March 30, 2015 3:43 PM] Đinh Mạnh Hùng FPT: 

<<< ko phải để thử thuốc độc
chắc Lợi sợ con gái GT khỏe quá
chú ngã ngựa quả này khó
[3/30/2015 3:45:06 PM] Đinh Mạnh Hùng: thì có cái trâm bạc
[3/30/2015 3:45:10 PM] Đinh Mạnh Hùng: dặn Gấu
[3/30/2015 3:45:14 PM] Đinh Mạnh Hùng: mà khéo nó tự biết
[3/30/2015 3:45:19 PM] Thuc To: cái đó giờ phải đặt hàng đấy anh
[3/30/2015 3:45:21 PM] Đinh Mạnh Hùng: chọc vào đít
[3/30/2015 3:45:27 PM] Thuc To: có sản xuất nữa đâu
[3/30/2015 3:45:29 PM] Đinh Mạnh Hùng: cái đốt sống cụt ấy
[3/30/2015 3:46:04 PM] Thuc To: [Monday, March 30, 2015 3:45 PM] Đinh Mạnh Hùng FPT: 

<<< cái đốt sống cụt ấy :O
[3/30/2015 3:46:13 PM] Thuc To: có đau ko anh
[3/30/2015 3:46:32 PM] Đinh Mạnh Hùng: http://vi.wikipedia.org/wiki/Th%C6%B0%E1%BB%A3ng_m%C3%A3_phong
[3/30/2015 3:46:46 PM] Thuc To: =]]~
[3/30/2015 3:47:00 PM] Đinh Mạnh Hùng: thôi Khánh vào tư vần cho em nó
[3/30/2015 3:47:09 PM] Đinh Mạnh Hùng: ko toàn quân sử đểu
[3/30/2015 3:47:14 PM] Đinh Mạnh Hùng: hỏng việc
[3/30/2015 3:47:18 PM] Khanh Nguyen Ngoc EPAY: hhee
[3/30/2015 3:47:26 PM] Khanh Nguyen Ngoc EPAY: em chịu mấy vụ đó
[3/30/2015 3:47:32 PM] Đinh Mạnh Hùng: cuối khóa lại ko có gì liên hoan
[3/30/2015 3:47:37 PM] Khanh Nguyen Ngoc EPAY: cơ bản là gấu chú có bầu chưa
[3/30/2015 3:48:06 PM] Thuc To: (yawn) trong sangs maf anh K
[3/30/2015 3:48:15 PM] Khanh Nguyen Ngoc EPAY: mẹ
[3/30/2015 3:48:20 PM] Khanh Nguyen Ngoc EPAY: mk
[3/23/2015 9:50:58 AM] CongTo: Vụ nào đấy A.Khánh
[3/23/2015 9:51:05 AM] CongTo: lớp trưởng ko thấy add vào đây
[3/23/2015 10:00:06 AM] Khanh Nguyen Ngoc EPAY: e chưa có nick
[3/23/2015 10:00:12 AM] Khanh Nguyen Ngoc EPAY: anh có nick add vào đi anh
[3/23/2015 10:00:18 AM] Khanh Nguyen Ngoc EPAY: skype lớp học đấy
[3/23/2015 10:00:32 AM] *** CongTo added Thuan-NV ***
[3/23/2015 10:00:41 AM] CongTo: Lớp trưởng Thuận vào đây điểm danh nhé
[3/23/2015 10:02:37 AM] Thuan-NV: Chú làm lớp trưởng đi
[3/23/2015 10:02:44 AM] Thuan-NV: (chuckle)
[3/23/2015 1:54:23 PM] CongTo: Thầy các bạn cho em hỏi, sao em tạo pull nó cứ hiện cái view này
[3/23/2015 1:54:23 PM] CongTo: http://prntscr.com/6k8k7q
[3/23/2015 2:01:22 PM] Khanh Nguyen Ngoc EPAY: hình như a công có quyền amin :D
[3/23/2015 2:01:27 PM] CongTo: vâng
[3/23/2015 2:01:32 PM] CongTo: nhung em ko thấy bên admin anh ạ
[3/23/2015 2:01:38 PM] CongTo: anh vào admin mà xme
[3/23/2015 2:01:54 PM] Thuan-NV: lỗi win rồi
[3/23/2015 2:01:59 PM] CongTo: thế ạ
[3/23/2015 2:02:07 PM] CongTo: cài lại win hả lớp trưởng ơi
[3/23/2015 2:02:16 PM] Thuan-NV: uh ko đc thì thay ram khác vào xem
[3/23/2015 2:02:17 PM] Khanh Nguyen Ngoc EPAY: đúng rùi
[3/23/2015 2:02:22 PM] Khanh Nguyen Ngoc EPAY: format toàn bộ nhé
[3/23/2015 2:05:31 PM] Thuc To: out put vậy sao rồi a Công ơi
[3/23/2015 2:05:40 PM] Thuc To: thay màn hình để in ra kết qua đúng
[3/23/2015 2:06:00 PM] CongTo: hả
[3/23/2015 2:06:10 PM] CongTo: tìm ra lỗi rồi A.Khánh ạ
[3/23/2015 2:06:20 PM] CongTo: Cường nó bảo do các pull trước chưa được accept
[3/23/2015 2:06:52 PM] Khanh Nguyen Ngoc EPAY: uh
[3/23/2015 2:06:58 PM] Khanh Nguyen Ngoc EPAY: để em nói thầy accept
[3/23/2015 2:06:58 PM] Khanh Nguyen Ngoc EPAY: :D
[3/23/2015 2:07:44 PM] Thuan-NV: Các thầy ơi, hôm đấy có video gì ko, em quên hết rồi :(
[3/23/2015 2:08:01 PM] CongTo: vâng
[3/23/2015 2:08:06 PM] CongTo: em vừa mạnh dạn accept 1 loạt rồi
[3/23/2015 2:08:17 PM] Khanh Nguyen Ngoc EPAY: :D